<?xml version="1.0" encoding="UTF-8"?>
<testng-results ignored="0" total="1" passed="1" failed="0" skipped="0">
  <reporter-output>
  </reporter-output>
  <suite started-at="2024-11-27T17:58:33 IST" name="Default suite" finished-at="2024-11-27T17:58:42 IST" duration-ms="8966">
    <groups>
    </groups>
    <test started-at="2024-11-27T17:58:33 IST" name="Default test" finished-at="2024-11-27T17:58:42 IST" duration-ms="8966">
      <class name="fpassignment.Exercise">
        <test-method signature="newmethod()[pri:0, instance:fpassignment.Exercise@248e319b]" started-at="2024-11-27T17:58:33 IST" name="newmethod" finished-at="2024-11-27T17:58:42 IST" duration-ms="8903" status="PASS">
          <reporter-output>
          </reporter-output>
        </test-method> <!-- newmethod -->
      </class> <!-- fpassignment.Exercise -->
    </test> <!-- Default test -->
  </suite> <!-- Default suite -->
</testng-results>
